#
# A fatal error has been detected by the Java Runtime Environment:
#
#  SIGSEGV (0xb) at pc=0x000000010a3effc4, pid=17821, tid=7427
#
# JRE version: Java(TM) SE Runtime Environment (13.0.1+9) (build 13.0.1+9)
# Java VM: Java HotSpot(TM) 64-Bit Server VM (13.0.1+9, mixed mode, sharing, tiered, compressed oops, g1 gc, bsd-amd64)
# Problematic frame:
# V  [libjvm.dylib+0x5effc4]  MethodData::data_before(int)+0x4
#
# No core dump will be written. Core dumps have been disabled. To enable core dumping, try "ulimit -c unlimited" before starting Java again
#
# If you would like to submit a bug report, please visit:
#   http://bugreport.java.com/bugreport/crash.jsp
#

---------------  S U M M A R Y ------------

Command Line: -agentlib:jdwp=transport=dt_socket,suspend=y,address=localhost:56015 -ea -javaagent:/Users/itsstudent/eclipse/java-2019-09/Eclipse.app/Contents/Eclipse/configuration/org.eclipse.osgi/222/0/.cp/lib/javaagent-shaded.jar -Dfile.encoding=UTF-8 org.eclipse.jdt.internal.junit.runner.RemoteTestRunner -version 3 -port 56014 -testLoaderClass org.eclipse.jdt.internal.junit4.runner.JUnit4TestLoader -loaderpluginname org.eclipse.jdt.junit4.runtime -classNames forneymonagerie.LinkedForneymonegerieTests

Host: iMac16,2 x86_64 3100 MHz, 4 cores, 8G, Darwin 15.4.0
Time: Thu Oct 17 11:07:19 2019 PDT elapsed time: 1240 seconds (0d 0h 20m 40s)

---------------  T H R E A D  ---------------

Current thread (0x00007fdd12800000):  JavaThread "main" [_thread_in_Java, id=7427, stack(0x000000010abe1000,0x000000010ace1000)]

Stack: [0x000000010abe1000,0x000000010ace1000],  sp=0x000000010acdf960,  free space=1018k
Native frames: (J=compiled Java code, A=aot compiled Java code, j=interpreted, Vv=VM code, C=native code)
V  [libjvm.dylib+0x5effc4]  MethodData::data_before(int)+0x4
V  [libjvm.dylib+0x5ee360]  MethodData::bci_to_dp(int)+0x42
V  [libjvm.dylib+0x394f57]  InterpreterRuntime::bcp_to_di(Method*, unsigned char*)+0x21
j  forneymonagerie.LinkedForneymonegerie.positionCheck(Lforneymonagerie/LinkedForneymonegerie$ForneymonType;)V+27
j  forneymonagerie.LinkedForneymonegerie.collect(Ljava/lang/String;)Z+28
j  forneymonagerie.LinkedForneymonegerieTests.testSameForneymonegerie()V+54
v  ~StubRoutines::call_stub
V  [libjvm.dylib+0x39910f]  JavaCalls::call_helper(JavaValue*, methodHandle const&, JavaCallArguments*, Thread*)+0x285
V  [libjvm.dylib+0x682d39]  invoke(InstanceKlass*, methodHandle const&, Handle, bool, objArrayHandle, BasicType, objArrayHandle, bool, Thread*)+0x557
V  [libjvm.dylib+0x682784]  Reflection::invoke_method(oopDesc*, Handle, objArrayHandle, Thread*)+0xe6
V  [libjvm.dylib+0x41cd8d]  JVM_InvokeMethod+0x217
j  jdk.internal.reflect.NativeMethodAccessorImpl.invoke0(Ljava/lang/reflect/Method;Ljava/lang/Object;[Ljava/lang/Object;)Ljava/lang/Object;+0 java.base@13.0.1
j  jdk.internal.reflect.NativeMethodAccessorImpl.invoke(Ljava/lang/Object;[Ljava/lang/Object;)Ljava/lang/Object;+100 java.base@13.0.1
j  jdk.internal.reflect.DelegatingMethodAccessorImpl.invoke(Ljava/lang/Object;[Ljava/lang/Object;)Ljava/lang/Object;+6 java.base@13.0.1
j  java.lang.reflect.Method.invoke(Ljava/lang/Object;[Ljava/lang/Object;)Ljava/lang/Object;+59 java.base@13.0.1
j  org.junit.runners.model.FrameworkMethod$1.runReflectiveCall()Ljava/lang/Object;+15
j  org.junit.internal.runners.model.ReflectiveCallable.run()Ljava/lang/Object;+1
j  org.junit.runners.model.FrameworkMethod.invokeExplosively(Ljava/lang/Object;[Ljava/lang/Object;)Ljava/lang/Object;+10
j  org.junit.internal.runners.statements.InvokeMethod.evaluate()V+12
j  org.junit.internal.runners.statements.RunBefores.evaluate()V+49
j  org.junit.runners.ParentRunner.runLeaf(Lorg/junit/runners/model/Statement;Lorg/junit/runner/Description;Lorg/junit/runner/notification/RunNotifier;)V+17
j  org.junit.runners.BlockJUnit4ClassRunner.runChild(Lorg/junit/runners/model/FrameworkMethod;Lorg/junit/runner/notification/RunNotifier;)V+30
j  org.junit.runners.BlockJUnit4ClassRunner.runChild(Ljava/lang/Object;Lorg/junit/runner/notification/RunNotifier;)V+6
j  org.junit.runners.ParentRunner$3.run()V+12
j  org.junit.runners.ParentRunner$1.schedule(Ljava/lang/Runnable;)V+1
j  org.junit.runners.ParentRunner.runChildren(Lorg/junit/runner/notification/RunNotifier;)V+44
j  org.junit.runners.ParentRunner.access$000(Lorg/junit/runners/ParentRunner;Lorg/junit/runner/notification/RunNotifier;)V+2
j  org.junit.runners.ParentRunner$2.evaluate()V+8
j  org.junit.runners.ParentRunner.run(Lorg/junit/runner/notification/RunNotifier;)V+20
j  org.eclipse.jdt.internal.junit4.runner.JUnit4TestReference.run(Lorg/eclipse/jdt/internal/junit/runner/TestExecution;)V+72
j  org.eclipse.jdt.internal.junit.runner.TestExecution.run([Lorg/eclipse/jdt/internal/junit/runner/ITestReference;)V+17
j  org.eclipse.jdt.internal.junit.runner.RemoteTestRunner.runTests([Ljava/lang/String;Ljava/lang/String;Lorg/eclipse/jdt/internal/junit/runner/TestExecution;)V+62
j  org.eclipse.jdt.internal.junit.runner.RemoteTestRunner.runTests(Lorg/eclipse/jdt/internal/junit/runner/TestExecution;)V+10
j  org.eclipse.jdt.internal.junit.runner.RemoteTestRunner.run()V+70
j  org.eclipse.jdt.internal.junit.runner.RemoteTestRunner.main([Ljava/lang/String;)V+14
v  ~StubRoutines::call_stub
V  [libjvm.dylib+0x39910f]  JavaCalls::call_helper(JavaValue*, methodHandle const&, JavaCallArguments*, Thread*)+0x285
V  [libjvm.dylib+0x3da7c1]  jni_invoke_static(JNIEnv_*, JavaValue*, _jobject*, JNICallType, _jmethodID*, JNI_ArgumentPusher*, Thread*)+0x11c
V  [libjvm.dylib+0x3ddf84]  jni_CallStaticVoidMethod+0x1c9
C  [libjli.dylib+0x4a66]  JavaMain+0xab4
C  [libjli.dylib+0x6d64]  ThreadJavaMain+0x9
C  [libsystem_pthread.dylib+0x399d]  _pthread_body+0x83
C  [libsystem_pthread.dylib+0x391a]  _pthread_body+0x0
C  [libsystem_pthread.dylib+0x1351]  thread_start+0xd


siginfo: si_signo: 11 (SIGSEGV), si_code: 0 (unknown), si_addr: 0x0000000000000000

Register to memory mapping:

RAX=0x00007fdd10f00080 points into unknown readable memory: 02 00 00 00 00 00 00 90
RBX=0xca00000000000000 is an unknown value
RCX=0x0000000000000002 is an unknown value
RDX=0x000000010acdf9f0 is pointing into the stack for thread: 0x00007fdd12800000
RSP=0x000000010acdf960 is pointing into the stack for thread: 0x00007fdd12800000
RBP=0x000000010acdf960 is pointing into the stack for thread: 0x00007fdd12800000
RSI=0x000000000000001b is an unknown value
RDI=0xca00000000000000 is an unknown value
R8 ={method} {0x0000000129d26258} 'swap' '(Lforneymonagerie/LinkedForneymonegerie$ForneymonType;Lforneymonagerie/LinkedForneymonegerie$ForneymonType;)V' in 'forneymonagerie/LinkedForneymonegerie'
R9 =0x00007fdd10f00470 points into unknown readable memory: 68 68 ca 29 01 00 00 00
R10=0x0 is NULL
R11=0xffffffff00000000 is an unknown value
R12=0x0 is NULL
R13=0x0000000129d1843b is pointing into metadata
R14=0xca00000000000000 is an unknown value
R15=0x000000000000001b is an unknown value


Registers:
RAX=0x00007fdd10f00080, RBX=0xca00000000000000, RCX=0x0000000000000002, RDX=0x000000010acdf9f0
RSP=0x000000010acdf960, RBP=0x000000010acdf960, RSI=0x000000000000001b, RDI=0xca00000000000000
R8 =0x0000000129d26258, R9 =0x00007fdd10f00470, R10=0x0000000000000000, R11=0xffffffff00000000
R12=0x0000000000000000, R13=0x0000000129d1843b, R14=0xca00000000000000, R15=0x000000000000001b
RIP=0x000000010a3effc4, EFLAGS=0x0000000000010202, ERR=0x0000000000000000
  TRAPNO=0x000000000000000d

Top of Stack: (sp=0x000000010acdf960)
0x000000010acdf960:   000000010acdf9b0 000000010a3ee360
0x000000010acdf970:   00007fdd10f00080 00007fdd10f00740
0x000000010acdf980:   00007fdd10f00750 00007fdd10f00b28
0x000000010acdf990:   00000000000003d8 ca00000000000000
0x000000010acdf9a0:   000000010acdfa68 00007fdd12800000
0x000000010acdf9b0:   000000010acdf9d0 000000010a194f57
0x000000010acdf9c0:   ca00000000000000 0000000129d18460
0x000000010acdf9d0:   000000010acdfa50 00000001132595dd
0x000000010acdf9e0:   000000010acdf9f0 0000000000000001
0x000000010acdf9f0:   000000078797e418 000000078797e3f8
0x000000010acdfa00:   000000078797e3d8 000000010acdfa08
0x000000010acdfa10:   0000000129d1843b 000000010acdfa68
0x000000010acdfa20:   0000000129d19248 0000000000000000
0x000000010acdfa30:   0000000787a55690 0000000129d18460
0x000000010acdfa40:   0000000000000000 000000010acdfa60
0x000000010acdfa50:   000000010acdfab8 0000000113253028
0x000000010acdfa60:   000000078797e418 000000078797e3d8
0x000000010acdfa70:   000000010acdfa70 0000000129d1798c
0x000000010acdfa80:   000000010acdfad8 0000000129d19248
0x000000010acdfa90:   0000000000000000 0000000787a55690
0x000000010acdfaa0:   0000000129d17a58 000000010acdfa60
0x000000010acdfab0:   000000010acdfad0 000000010acdfb28
0x000000010acdfac0:   0000000113251a5d 000000078797e418
0x000000010acdfad0:   00000007879576e0 000000078797e3d8
0x000000010acdfae0:   000000010acdfae0 0000000129cb4266
0x000000010acdfaf0:   000000010acdfb48 0000000129cc51e0
0x000000010acdfb00:   0000000000000000 0000000787cb9fb0
0x000000010acdfb10:   0000000129cb42d0 000000010acdfad0
0x000000010acdfb20:   000000010acdfb48 000000010acdfbb0
0x000000010acdfb30:   0000000113247949 000000078797e3d8
0x000000010acdfb40:   000000078797e378 000000078797de90
0x000000010acdfb50:   0000000100001fa0 000000010acdfdc0 

Instructions: (pc=0x000000010a3effc4)
0x000000010a3efec4:   83 c8 00 00 00 48 89 83 c0 00 00 00 48 89 83 b8
0x000000010a3efed4:   00 00 00 48 89 83 b0 00 00 00 48 89 83 a8 00 00
0x000000010a3efee4:   00 48 89 83 a0 00 00 00 48 89 83 98 00 00 00 48
0x000000010a3efef4:   89 83 90 00 00 00 48 89 83 88 00 00 00 48 89 83
0x000000010a3eff04:   80 00 00 00 48 89 43 78 48 83 c4 20 5b 41 5c 41
0x000000010a3eff14:   5e 41 5f 5d c3 90 55 48 89 e5 41 56 53 48 89 fb
0x000000010a3eff24:   48 8d 05 85 01 36 00 80 38 00 74 1c 48 89 df e8
0x000000010a3eff34:   86 7a ff ff 41 89 c6 48 89 df e8 87 7c ff ff 41
0x000000010a3eff44:   39 c6 41 0f 4d c6 eb 4e 48 8b 43 18 48 85 c0 74
0x000000010a3eff54:   43 8b 48 10 31 d2 85 c9 0f 49 d1 8b 48 18 89 ce
0x000000010a3eff64:   c1 ee 03 c1 e1 1d c1 f9 1f 48 8d 3d 44 00 36 00
0x000000010a3eff74:   8b 3f 21 f9 01 f1 39 ca 0f 4d ca 8b 40 1c 89 c2
0x000000010a3eff84:   c1 ea 03 c1 e0 1d c1 f8 1f 21 f8 01 d0 39 c1 0f
0x000000010a3eff94:   4d c1 eb 02 31 c0 5b 41 5e 5d c3 90 55 48 89 e5
0x000000010a3effa4:   48 8d 05 ed f4 39 00 48 8b 00 48 8b 08 48 8b 49
0x000000010a3effb4:   40 48 8b 77 08 48 89 c7 5d ff e1 90 55 48 89 e5
0x000000010a3effc4:   8b 87 10 01 00 00 85 c0 74 33 48 63 4f 14 0f b7
0x000000010a3effd4:   94 0f 1a 01 00 00 39 f2 7e 11 85 c0 7e 1f 48 81
0x000000010a3effe4:   c7 18 01 00 00 5d e9 d9 cb ff ff 39 c8 7e 0e 48
0x000000010a3efff4:   8d bc 0f 18 01 00 00 5d e9 c7 cb ff ff 31 c0 5d
0x000000010a3f0004:   c3 90 55 48 89 e5 41 56 53 89 f3 49 89 fe e8 a9
0x000000010a3f0014:   ff ff ff eb 19 48 8b 48 08 0f b7 51 02 39 da 74
0x000000010a3f0024:   24 7f 10 4c 89 f7 48 89 c6 e8 e0 f7 ff ff 48 85
0x000000010a3f0034:   c0 75 e2 31 d2 31 c9 4c 89 f7 89 de 5b 41 5e 5d
0x000000010a3f0044:   e9 13 00 00 00 41 8d 96 18 01 00 00 29 d1 41 89
0x000000010a3f0054:   4e 14 5b 41 5e 5d c3 90 55 48 89 e5 41 57 41 56
0x000000010a3f0064:   41 55 41 54 53 48 83 ec 28 49 89 d4 48 89 fb 4d
0x000000010a3f0074:   85 e4 74 0c 41 f6 44 24 22 01 0f 85 c6 00 00 00
0x000000010a3f0084:   89 4d c4 48 63 83 10 01 00 00 48 8d 84 03 18 01
0x000000010a3f0094:   00 00 4c 8d 6d c8 49 89 45 00 4c 63 73 10 48 89
0x000000010a3f00a4:   df 41 89 f7 e8 47 0e 00 00 89 45 c0 45 31 c0 48
0x000000010a3f00b4:   89 df 44 89 7d d4 44 89 fe 4c 89 e2 4c 89 e9 e8 


Stack slot to memory mapping:
stack at sp + 0 slots: 0x000000010acdf9b0 is pointing into the stack for thread: 0x00007fdd12800000
stack at sp + 1 slots: 0x000000010a3ee360: _ZN10MethodData9bci_to_dpEi+0x42 in /Library/Java/JavaVirtualMachines/jdk-13.0.1.jdk/Contents/Home/lib/server/libjvm.dylib at 0x0000000109e00000
stack at sp + 2 slots: 0x00007fdd10f00080 points into unknown readable memory: 02 00 00 00 00 00 00 90
stack at sp + 3 slots: 0x00007fdd10f00740 points into unknown readable memory: 00 00 00 00 00 00 00 00
stack at sp + 4 slots: 0x00007fdd10f00750 points into unknown readable memory: 66 6f 72 6e 65 79 6d 6f
stack at sp + 5 slots: 0x00007fdd10f00b28 points into unknown readable memory: 00 00 00 00 00 00 00 00
stack at sp + 6 slots: 0x00000000000003d8 is an unknown value
stack at sp + 7 slots: 0xca00000000000000 is an unknown value


---------------  P R O C E S S  ---------------

Threads class SMR info:
_java_thread_list=0x00007fdd10f831b0, length=13, elements={
0x00007fdd12800000, 0x00007fdd12004800, 0x00007fdd12007800, 0x00007fdd11029000,
0x00007fdd1102c000, 0x00007fdd12012800, 0x00007fdd12013800, 0x00007fdd11029800,
0x00007fdd1102a800, 0x00007fdd110a1800, 0x00007fdd110a2000, 0x00007fdd12986800,
0x00007fdd12923000
}

Java Threads: ( => current thread )
=>0x00007fdd12800000 JavaThread "main" [_thread_in_Java, id=7427, stack(0x000000010abe1000,0x000000010ace1000)]
  0x00007fdd12004800 JavaThread "Reference Handler" daemon [_thread_blocked, id=17667, stack(0x000070000072c000,0x000070000082c000)]
  0x00007fdd12007800 JavaThread "Finalizer" daemon [_thread_blocked, id=18435, stack(0x000070000082f000,0x000070000092f000)]
  0x00007fdd11029000 JavaThread "Signal Dispatcher" daemon [_thread_blocked, id=19475, stack(0x0000700000a38000,0x0000700000b38000)]
  0x00007fdd1102c000 JavaThread "C2 CompilerThread0" daemon [_thread_blocked, id=23555, stack(0x0000700000b3b000,0x0000700000c3b000)]
  0x00007fdd12012800 JavaThread "C1 CompilerThread0" daemon [_thread_blocked, id=24323, stack(0x0000700000c3e000,0x0000700000d3e000)]
  0x00007fdd12013800 JavaThread "Sweeper thread" daemon [_thread_blocked, id=25091, stack(0x0000700000d41000,0x0000700000e41000)]
  0x00007fdd11029800 JavaThread "Common-Cleaner" daemon [_thread_blocked, id=25859, stack(0x0000700000e44000,0x0000700000f44000)]
  0x00007fdd1102a800 JavaThread "JDWP Transport Listener: dt_socket" daemon [_thread_blocked, id=27651, stack(0x0000700000f47000,0x0000700001047000)]
  0x00007fdd110a1800 JavaThread "JDWP Event Helper Thread" daemon [_thread_blocked, id=28419, stack(0x000070000104a000,0x000070000114a000)]
  0x00007fdd110a2000 JavaThread "JDWP Command Reader" daemon [_thread_in_native, id=29187, stack(0x000070000114d000,0x000070000124d000)]
  0x00007fdd12986800 JavaThread "Service Thread" daemon [_thread_blocked, id=30723, stack(0x0000700001353000,0x0000700001453000)]
  0x00007fdd12923000 JavaThread "ReaderThread" [_thread_in_native, id=32003, stack(0x0000700001559000,0x0000700001659000)]

Other Threads:
  0x00007fdd12004000 VMThread "VM Thread" [stack: 0x0000700000629000,0x0000700000729000] [id=16643]
  0x00007fdd12018800 WatcherThread [stack: 0x0000700001456000,0x0000700001556000] [id=31235]
  0x00007fdd12838000 GCTaskThread "GC Thread#0" [stack: 0x000070000011a000,0x000070000021a000] [id=12291]
  0x00007fdd12849800 ConcurrentGCThread "G1 Main Marker" [stack: 0x000070000021d000,0x000070000031d000] [id=12803]
  0x00007fdd1284a000 ConcurrentGCThread "G1 Conc#0" [stack: 0x0000700000320000,0x0000700000420000] [id=13827]
  0x00007fdd1289b000 ConcurrentGCThread "G1 Refine#0" [stack: 0x0000700000423000,0x0000700000523000] [id=14339]
  0x00007fdd11008800 ConcurrentGCThread "G1 Young RemSet Sampling" [stack: 0x0000700000526000,0x0000700000626000] [id=14851]

Threads with active compile tasks:

VM state:not at safepoint (normal execution)

VM Mutex/Monitor currently owned by a thread: None

Heap address: 0x0000000780000000, size: 2048 MB, Compressed Oops mode: Zero based, Oop shift amount: 3
Narrow klass base: 0x0000000800000000, Narrow klass shift: 3
Compressed class space size: 1073741824 Address: 0x0000000800ae0000

Heap:
 garbage-first heap   total 133120K, used 6904K [0x0000000780000000, 0x0000000800000000)
  region size 1024K, 7 young (7168K), 0 survivors (0K)
 Metaspace       used 4155K, capacity 5244K, committed 5504K, reserved 1056768K
  class space    used 448K, capacity 533K, committed 640K, reserved 1048576K
Heap Regions: E=young(eden), S=young(survivor), O=old, HS=humongous(starts), HC=humongous(continues), CS=collection set, F=free, A=archive, TAMS=top-at-mark-start (previous, next)
|   0|0x0000000780000000, 0x0000000780000000, 0x0000000780100000|  0%| F|  |TAMS 0x0000000780000000, 0x0000000780000000| Untracked 
|   1|0x0000000780100000, 0x0000000780100000, 0x0000000780200000|  0%| F|  |TAMS 0x0000000780100000, 0x0000000780100000| Untracked 
|   2|0x0000000780200000, 0x0000000780200000, 0x0000000780300000|  0%| F|  |TAMS 0x0000000780200000, 0x0000000780200000| Untracked 
|   3|0x0000000780300000, 0x0000000780300000, 0x0000000780400000|  0%| F|  |TAMS 0x0000000780300000, 0x0000000780300000| Untracked 
|   4|0x0000000780400000, 0x0000000780400000, 0x0000000780500000|  0%| F|  |TAMS 0x0000000780400000, 0x0000000780400000| Untracked 
|   5|0x0000000780500000, 0x0000000780500000, 0x0000000780600000|  0%| F|  |TAMS 0x0000000780500000, 0x0000000780500000| Untracked 
|   6|0x0000000780600000, 0x0000000780600000, 0x0000000780700000|  0%| F|  |TAMS 0x0000000780600000, 0x0000000780600000| Untracked 
|   7|0x0000000780700000, 0x0000000780700000, 0x0000000780800000|  0%| F|  |TAMS 0x0000000780700000, 0x0000000780700000| Untracked 
|   8|0x0000000780800000, 0x0000000780800000, 0x0000000780900000|  0%| F|  |TAMS 0x0000000780800000, 0x0000000780800000| Untracked 
|   9|0x0000000780900000, 0x0000000780900000, 0x0000000780a00000|  0%| F|  |TAMS 0x0000000780900000, 0x0000000780900000| Untracked 
|  10|0x0000000780a00000, 0x0000000780a00000, 0x0000000780b00000|  0%| F|  |TAMS 0x0000000780a00000, 0x0000000780a00000| Untracked 
|  11|0x0000000780b00000, 0x0000000780b00000, 0x0000000780c00000|  0%| F|  |TAMS 0x0000000780b00000, 0x0000000780b00000| Untracked 
|  12|0x0000000780c00000, 0x0000000780c00000, 0x0000000780d00000|  0%| F|  |TAMS 0x0000000780c00000, 0x0000000780c00000| Untracked 
|  13|0x0000000780d00000, 0x0000000780d00000, 0x0000000780e00000|  0%| F|  |TAMS 0x0000000780d00000, 0x0000000780d00000| Untracked 
|  14|0x0000000780e00000, 0x0000000780e00000, 0x0000000780f00000|  0%| F|  |TAMS 0x0000000780e00000, 0x0000000780e00000| Untracked 
|  15|0x0000000780f00000, 0x0000000780f00000, 0x0000000781000000|  0%| F|  |TAMS 0x0000000780f00000, 0x0000000780f00000| Untracked 
|  16|0x0000000781000000, 0x0000000781000000, 0x0000000781100000|  0%| F|  |TAMS 0x0000000781000000, 0x0000000781000000| Untracked 
|  17|0x0000000781100000, 0x0000000781100000, 0x0000000781200000|  0%| F|  |TAMS 0x0000000781100000, 0x0000000781100000| Untracked 
|  18|0x0000000781200000, 0x0000000781200000, 0x0000000781300000|  0%| F|  |TAMS 0x0000000781200000, 0x0000000781200000| Untracked 
|  19|0x0000000781300000, 0x0000000781300000, 0x0000000781400000|  0%| F|  |TAMS 0x0000000781300000, 0x0000000781300000| Untracked 
|  20|0x0000000781400000, 0x0000000781400000, 0x0000000781500000|  0%| F|  |TAMS 0x0000000781400000, 0x0000000781400000| Untracked 
|  21|0x0000000781500000, 0x0000000781500000, 0x0000000781600000|  0%| F|  |TAMS 0x0000000781500000, 0x0000000781500000| Untracked 
|  22|0x0000000781600000, 0x0000000781600000, 0x0000000781700000|  0%| F|  |TAMS 0x0000000781600000, 0x0000000781600000| Untracked 
|  23|0x0000000781700000, 0x0000000781700000, 0x0000000781800000|  0%| F|  |TAMS 0x0000000781700000, 0x0000000781700000| Untracked 
|  24|0x0000000781800000, 0x0000000781800000, 0x0000000781900000|  0%| F|  |TAMS 0x0000000781800000, 0x0000000781800000| Untracked 
|  25|0x0000000781900000, 0x0000000781900000, 0x0000000781a00000|  0%| F|  |TAMS 0x0000000781900000, 0x0000000781900000| Untracked 
|  26|0x0000000781a00000, 0x0000000781a00000, 0x0000000781b00000|  0%| F|  |TAMS 0x0000000781a00000, 0x0000000781a00000| Untracked 
|  27|0x0000000781b00000, 0x0000000781b00000, 0x0000000781c00000|  0%| F|  |TAMS 0x0000000781b00000, 0x0000000781b00000| Untracked 
|  28|0x0000000781c00000, 0x0000000781c00000, 0x0000000781d00000|  0%| F|  |TAMS 0x0000000781c00000, 0x0000000781c00000| Untracked 
|  29|0x0000000781d00000, 0x0000000781d00000, 0x0000000781e00000|  0%| F|  |TAMS 0x0000000781d00000, 0x0000000781d00000| Untracked 
|  30|0x0000000781e00000, 0x0000000781e00000, 0x0000000781f00000|  0%| F|  |TAMS 0x0000000781e00000, 0x0000000781e00000| Untracked 
|  31|0x0000000781f00000, 0x0000000781f00000, 0x0000000782000000|  0%| F|  |TAMS 0x0000000781f00000, 0x0000000781f00000| Untracked 
|  32|0x0000000782000000, 0x0000000782000000, 0x0000000782100000|  0%| F|  |TAMS 0x0000000782000000, 0x0000000782000000| Untracked 
|  33|0x0000000782100000, 0x0000000782100000, 0x0000000782200000|  0%| F|  |TAMS 0x0000000782100000, 0x0000000782100000| Untracked 
|  34|0x0000000782200000, 0x0000000782200000, 0x0000000782300000|  0%| F|  |TAMS 0x0000000782200000, 0x0000000782200000| Untracked 
|  35|0x0000000782300000, 0x0000000782300000, 0x0000000782400000|  0%| F|  |TAMS 0x0000000782300000, 0x0000000782300000| Untracked 
|  36|0x0000000782400000, 0x0000000782400000, 0x0000000782500000|  0%| F|  |TAMS 0x0000000782400000, 0x0000000782400000| Untracked 
|  37|0x0000000782500000, 0x0000000782500000, 0x0000000782600000|  0%| F|  |TAMS 0x0000000782500000, 0x0000000782500000| Untracked 
|  38|0x0000000782600000, 0x0000000782600000, 0x0000000782700000|  0%| F|  |TAMS 0x0000000782600000, 0x0000000782600000| Untracked 
|  39|0x0000000782700000, 0x0000000782700000, 0x0000000782800000|  0%| F|  |TAMS 0x0000000782700000, 0x0000000782700000| Untracked 
|  40|0x0000000782800000, 0x0000000782800000, 0x0000000782900000|  0%| F|  |TAMS 0x0000000782800000, 0x0000000782800000| Untracked 
|  41|0x0000000782900000, 0x0000000782900000, 0x0000000782a00000|  0%| F|  |TAMS 0x0000000782900000, 0x0000000782900000| Untracked 
|  42|0x0000000782a00000, 0x0000000782a00000, 0x0000000782b00000|  0%| F|  |TAMS 0x0000000782a00000, 0x0000000782a00000| Untracked 
|  43|0x0000000782b00000, 0x0000000782b00000, 0x0000000782c00000|  0%| F|  |TAMS 0x0000000782b00000, 0x0000000782b00000| Untracked 
|  44|0x0000000782c00000, 0x0000000782c00000, 0x0000000782d00000|  0%| F|  |TAMS 0x0000000782c00000, 0x0000000782c00000| Untracked 
|  45|0x0000000782d00000, 0x0000000782d00000, 0x0000000782e00000|  0%| F|  |TAMS 0x0000000782d00000, 0x0000000782d00000| Untracked 
|  46|0x0000000782e00000, 0x0000000782e00000, 0x0000000782f00000|  0%| F|  |TAMS 0x0000000782e00000, 0x0000000782e00000| Untracked 
|  47|0x0000000782f00000, 0x0000000782f00000, 0x0000000783000000|  0%| F|  |TAMS 0x0000000782f00000, 0x0000000782f00000| Untracked 
|  48|0x0000000783000000, 0x0000000783000000, 0x0000000783100000|  0%| F|  |TAMS 0x0000000783000000, 0x0000000783000000| Untracked 
|  49|0x0000000783100000, 0x0000000783100000, 0x0000000783200000|  0%| F|  |TAMS 0x0000000783100000, 0x0000000783100000| Untracked 
|  50|0x0000000783200000, 0x0000000783200000, 0x0000000783300000|  0%| F|  |TAMS 0x0000000783200000, 0x0000000783200000| Untracked 
|  51|0x0000000783300000, 0x0000000783300000, 0x0000000783400000|  0%| F|  |TAMS 0x0000000783300000, 0x0000000783300000| Untracked 
|  52|0x0000000783400000, 0x0000000783400000, 0x0000000783500000|  0%| F|  |TAMS 0x0000000783400000, 0x0000000783400000| Untracked 
|  53|0x0000000783500000, 0x0000000783500000, 0x0000000783600000|  0%| F|  |TAMS 0x0000000783500000, 0x0000000783500000| Untracked 
|  54|0x0000000783600000, 0x0000000783600000, 0x0000000783700000|  0%| F|  |TAMS 0x0000000783600000, 0x0000000783600000| Untracked 
|  55|0x0000000783700000, 0x0000000783700000, 0x0000000783800000|  0%| F|  |TAMS 0x0000000783700000, 0x0000000783700000| Untracked 
|  56|0x0000000783800000, 0x0000000783800000, 0x0000000783900000|  0%| F|  |TAMS 0x0000000783800000, 0x0000000783800000| Untracked 
|  57|0x0000000783900000, 0x0000000783900000, 0x0000000783a00000|  0%| F|  |TAMS 0x0000000783900000, 0x0000000783900000| Untracked 
|  58|0x0000000783a00000, 0x0000000783a00000, 0x0000000783b00000|  0%| F|  |TAMS 0x0000000783a00000, 0x0000000783a00000| Untracked 
|  59|0x0000000783b00000, 0x0000000783b00000, 0x0000000783c00000|  0%| F|  |TAMS 0x0000000783b00000, 0x0000000783b00000| Untracked 
|  60|0x0000000783c00000, 0x0000000783c00000, 0x0000000783d00000|  0%| F|  |TAMS 0x0000000783c00000, 0x0000000783c00000| Untracked 
|  61|0x0000000783d00000, 0x0000000783d00000, 0x0000000783e00000|  0%| F|  |TAMS 0x0000000783d00000, 0x0000000783d00000| Untracked 
|  62|0x0000000783e00000, 0x0000000783e00000, 0x0000000783f00000|  0%| F|  |TAMS 0x0000000783e00000, 0x0000000783e00000| Untracked 
|  63|0x0000000783f00000, 0x0000000783f00000, 0x0000000784000000|  0%| F|  |TAMS 0x0000000783f00000, 0x0000000783f00000| Untracked 
|  64|0x0000000784000000, 0x0000000784000000, 0x0000000784100000|  0%| F|  |TAMS 0x0000000784000000, 0x0000000784000000| Untracked 
|  65|0x0000000784100000, 0x0000000784100000, 0x0000000784200000|  0%| F|  |TAMS 0x0000000784100000, 0x0000000784100000| Untracked 
|  66|0x0000000784200000, 0x0000000784200000, 0x0000000784300000|  0%| F|  |TAMS 0x0000000784200000, 0x0000000784200000| Untracked 
|  67|0x0000000784300000, 0x0000000784300000, 0x0000000784400000|  0%| F|  |TAMS 0x0000000784300000, 0x0000000784300000| Untracked 
|  68|0x0000000784400000, 0x0000000784400000, 0x0000000784500000|  0%| F|  |TAMS 0x0000000784400000, 0x0000000784400000| Untracked 
|  69|0x0000000784500000, 0x0000000784500000, 0x0000000784600000|  0%| F|  |TAMS 0x0000000784500000, 0x0000000784500000| Untracked 
|  70|0x0000000784600000, 0x0000000784600000, 0x0000000784700000|  0%| F|  |TAMS 0x0000000784600000, 0x0000000784600000| Untracked 
|  71|0x0000000784700000, 0x0000000784700000, 0x0000000784800000|  0%| F|  |TAMS 0x0000000784700000, 0x0000000784700000| Untracked 
|  72|0x0000000784800000, 0x0000000784800000, 0x0000000784900000|  0%| F|  |TAMS 0x0000000784800000, 0x0000000784800000| Untracked 
|  73|0x0000000784900000, 0x0000000784900000, 0x0000000784a00000|  0%| F|  |TAMS 0x0000000784900000, 0x0000000784900000| Untracked 
|  74|0x0000000784a00000, 0x0000000784a00000, 0x0000000784b00000|  0%| F|  |TAMS 0x0000000784a00000, 0x0000000784a00000| Untracked 
|  75|0x0000000784b00000, 0x0000000784b00000, 0x0000000784c00000|  0%| F|  |TAMS 0x0000000784b00000, 0x0000000784b00000| Untracked 
|  76|0x0000000784c00000, 0x0000000784c00000, 0x0000000784d00000|  0%| F|  |TAMS 0x0000000784c00000, 0x0000000784c00000| Untracked 
|  77|0x0000000784d00000, 0x0000000784d00000, 0x0000000784e00000|  0%| F|  |TAMS 0x0000000784d00000, 0x0000000784d00000| Untracked 
|  78|0x0000000784e00000, 0x0000000784e00000, 0x0000000784f00000|  0%| F|  |TAMS 0x0000000784e00000, 0x0000000784e00000| Untracked 
|  79|0x0000000784f00000, 0x0000000784f00000, 0x0000000785000000|  0%| F|  |TAMS 0x0000000784f00000, 0x0000000784f00000| Untracked 
|  80|0x0000000785000000, 0x0000000785000000, 0x0000000785100000|  0%| F|  |TAMS 0x0000000785000000, 0x0000000785000000| Untracked 
|  81|0x0000000785100000, 0x0000000785100000, 0x0000000785200000|  0%| F|  |TAMS 0x0000000785100000, 0x0000000785100000| Untracked 
|  82|0x0000000785200000, 0x0000000785200000, 0x0000000785300000|  0%| F|  |TAMS 0x0000000785200000, 0x0000000785200000| Untracked 
|  83|0x0000000785300000, 0x0000000785300000, 0x0000000785400000|  0%| F|  |TAMS 0x0000000785300000, 0x0000000785300000| Untracked 
|  84|0x0000000785400000, 0x0000000785400000, 0x0000000785500000|  0%| F|  |TAMS 0x0000000785400000, 0x0000000785400000| Untracked 
|  85|0x0000000785500000, 0x0000000785500000, 0x0000000785600000|  0%| F|  |TAMS 0x0000000785500000, 0x0000000785500000| Untracked 
|  86|0x0000000785600000, 0x0000000785600000, 0x0000000785700000|  0%| F|  |TAMS 0x0000000785600000, 0x0000000785600000| Untracked 
|  87|0x0000000785700000, 0x0000000785700000, 0x0000000785800000|  0%| F|  |TAMS 0x0000000785700000, 0x0000000785700000| Untracked 
|  88|0x0000000785800000, 0x0000000785800000, 0x0000000785900000|  0%| F|  |TAMS 0x0000000785800000, 0x0000000785800000| Untracked 
|  89|0x0000000785900000, 0x0000000785900000, 0x0000000785a00000|  0%| F|  |TAMS 0x0000000785900000, 0x0000000785900000| Untracked 
|  90|0x0000000785a00000, 0x0000000785a00000, 0x0000000785b00000|  0%| F|  |TAMS 0x0000000785a00000, 0x0000000785a00000| Untracked 
|  91|0x0000000785b00000, 0x0000000785b00000, 0x0000000785c00000|  0%| F|  |TAMS 0x0000000785b00000, 0x0000000785b00000| Untracked 
|  92|0x0000000785c00000, 0x0000000785c00000, 0x0000000785d00000|  0%| F|  |TAMS 0x0000000785c00000, 0x0000000785c00000| Untracked 
|  93|0x0000000785d00000, 0x0000000785d00000, 0x0000000785e00000|  0%| F|  |TAMS 0x0000000785d00000, 0x0000000785d00000| Untracked 
|  94|0x0000000785e00000, 0x0000000785e00000, 0x0000000785f00000|  0%| F|  |TAMS 0x0000000785e00000, 0x0000000785e00000| Untracked 
|  95|0x0000000785f00000, 0x0000000785f00000, 0x0000000786000000|  0%| F|  |TAMS 0x0000000785f00000, 0x0000000785f00000| Untracked 
|  96|0x0000000786000000, 0x0000000786000000, 0x0000000786100000|  0%| F|  |TAMS 0x0000000786000000, 0x0000000786000000| Untracked 
|  97|0x0000000786100000, 0x0000000786100000, 0x0000000786200000|  0%| F|  |TAMS 0x0000000786100000, 0x0000000786100000| Untracked 
|  98|0x0000000786200000, 0x0000000786200000, 0x0000000786300000|  0%| F|  |TAMS 0x0000000786200000, 0x0000000786200000| Untracked 
|  99|0x0000000786300000, 0x0000000786300000, 0x0000000786400000|  0%| F|  |TAMS 0x0000000786300000, 0x0000000786300000| Untracked 
| 100|0x0000000786400000, 0x0000000786400000, 0x0000000786500000|  0%| F|  |TAMS 0x0000000786400000, 0x0000000786400000| Untracked 
| 101|0x0000000786500000, 0x0000000786500000, 0x0000000786600000|  0%| F|  |TAMS 0x0000000786500000, 0x0000000786500000| Untracked 
| 102|0x0000000786600000, 0x0000000786600000, 0x0000000786700000|  0%| F|  |TAMS 0x0000000786600000, 0x0000000786600000| Untracked 
| 103|0x0000000786700000, 0x0000000786700000, 0x0000000786800000|  0%| F|  |TAMS 0x0000000786700000, 0x0000000786700000| Untracked 
| 104|0x0000000786800000, 0x0000000786800000, 0x0000000786900000|  0%| F|  |TAMS 0x0000000786800000, 0x0000000786800000| Untracked 
| 105|0x0000000786900000, 0x0000000786900000, 0x0000000786a00000|  0%| F|  |TAMS 0x0000000786900000, 0x0000000786900000| Untracked 
| 106|0x0000000786a00000, 0x0000000786a00000, 0x0000000786b00000|  0%| F|  |TAMS 0x0000000786a00000, 0x0000000786a00000| Untracked 
| 107|0x0000000786b00000, 0x0000000786b00000, 0x0000000786c00000|  0%| F|  |TAMS 0x0000000786b00000, 0x0000000786b00000| Untracked 
| 108|0x0000000786c00000, 0x0000000786c00000, 0x0000000786d00000|  0%| F|  |TAMS 0x0000000786c00000, 0x0000000786c00000| Untracked 
| 109|0x0000000786d00000, 0x0000000786d00000, 0x0000000786e00000|  0%| F|  |TAMS 0x0000000786d00000, 0x0000000786d00000| Untracked 
| 110|0x0000000786e00000, 0x0000000786e00000, 0x0000000786f00000|  0%| F|  |TAMS 0x0000000786e00000, 0x0000000786e00000| Untracked 
| 111|0x0000000786f00000, 0x0000000786f00000, 0x0000000787000000|  0%| F|  |TAMS 0x0000000786f00000, 0x0000000786f00000| Untracked 
| 112|0x0000000787000000, 0x0000000787000000, 0x0000000787100000|  0%| F|  |TAMS 0x0000000787000000, 0x0000000787000000| Untracked 
| 113|0x0000000787100000, 0x0000000787100000, 0x0000000787200000|  0%| F|  |TAMS 0x0000000787100000, 0x0000000787100000| Untracked 
| 114|0x0000000787200000, 0x0000000787200000, 0x0000000787300000|  0%| F|  |TAMS 0x0000000787200000, 0x0000000787200000| Untracked 
| 115|0x0000000787300000, 0x0000000787300000, 0x0000000787400000|  0%| F|  |TAMS 0x0000000787300000, 0x0000000787300000| Untracked 
| 116|0x0000000787400000, 0x0000000787400000, 0x0000000787500000|  0%| F|  |TAMS 0x0000000787400000, 0x0000000787400000| Untracked 
| 117|0x0000000787500000, 0x0000000787500000, 0x0000000787600000|  0%| F|  |TAMS 0x0000000787500000, 0x0000000787500000| Untracked 
| 118|0x0000000787600000, 0x0000000787600000, 0x0000000787700000|  0%| F|  |TAMS 0x0000000787600000, 0x0000000787600000| Untracked 
| 119|0x0000000787700000, 0x0000000787700000, 0x0000000787800000|  0%| F|  |TAMS 0x0000000787700000, 0x0000000787700000| Untracked 
| 120|0x0000000787800000, 0x0000000787800000, 0x0000000787900000|  0%| F|  |TAMS 0x0000000787800000, 0x0000000787800000| Untracked 
| 121|0x0000000787900000, 0x0000000787991330, 0x0000000787a00000| 56%| E|  |TAMS 0x0000000787900000, 0x0000000787900000| Complete 
| 122|0x0000000787a00000, 0x0000000787b00000, 0x0000000787b00000|100%| E|CS|TAMS 0x0000000787a00000, 0x0000000787a00000| Complete 
| 123|0x0000000787b00000, 0x0000000787c00000, 0x0000000787c00000|100%| E|CS|TAMS 0x0000000787b00000, 0x0000000787b00000| Complete 
| 124|0x0000000787c00000, 0x0000000787d00000, 0x0000000787d00000|100%| E|CS|TAMS 0x0000000787c00000, 0x0000000787c00000| Complete 
| 125|0x0000000787d00000, 0x0000000787e00000, 0x0000000787e00000|100%| E|CS|TAMS 0x0000000787d00000, 0x0000000787d00000| Complete 
| 126|0x0000000787e00000, 0x0000000787f00000, 0x0000000787f00000|100%| E|CS|TAMS 0x0000000787e00000, 0x0000000787e00000| Complete 
| 127|0x0000000787f00000, 0x0000000788000000, 0x0000000788000000|100%| E|CS|TAMS 0x0000000787f00000, 0x0000000787f00000| Complete 
|1022|0x00000007bfe00000, 0x00000007bfe47000, 0x00000007bff00000| 27%|OA|  |TAMS 0x00000007bfe00000, 0x00000007bfe00000| Untracked 
|1023|0x00000007bff00000, 0x00000007bff77000, 0x00000007c0000000| 46%|CA|  |TAMS 0x00000007bff00000, 0x00000007bff00000| Untracked 

Card table byte_map: [0x0000000122c29000,0x0000000123029000] _byte_map_base: 0x000000011f029000

Marking Bits (Prev, Next): (CMBitMap*) 0x00007fdd12838c18, (CMBitMap*) 0x00007fdd12838c58
 Prev Bits: [0x0000000123429000, 0x0000000125429000)
 Next Bits: [0x0000000125429000, 0x0000000127429000)

Polling page: 0x00000001095ee000

Metaspace:

Usage:
  Non-class:      4.60 MB capacity,     3.62 MB ( 79%) used,   997.96 KB ( 21%) free+waste,     6.25 KB ( <1%) overhead. 
      Class:    533.00 KB capacity,   448.38 KB ( 84%) used,    81.30 KB ( 15%) free+waste,     3.31 KB ( <1%) overhead. 
       Both:      5.12 MB capacity,     4.06 MB ( 79%) used,     1.05 MB ( 21%) free+waste,     9.56 KB ( <1%) overhead. 

Virtual space:
  Non-class space:        8.00 MB reserved,       4.75 MB ( 59%) committed 
      Class space:        1.00 GB reserved,     640.00 KB ( <1%) committed 
             Both:        1.01 GB reserved,       5.38 MB ( <1%) committed 

Chunk freelists:
   Non-Class:  33.00 KB
       Class:  11.00 KB
        Both:  44.00 KB

MaxMetaspaceSize: unlimited
CompressedClassSpaceSize: 1.00 GB

CodeHeap 'non-profiled nmethods': size=120032Kb used=201Kb max_used=201Kb free=119830Kb
 bounds [0x000000011ad0f000, 0x000000011af7f000, 0x0000000122247000]
CodeHeap 'profiled nmethods': size=120032Kb used=950Kb max_used=950Kb free=119081Kb
 bounds [0x00000001137d7000, 0x0000000113a47000, 0x000000011ad0f000]
CodeHeap 'non-nmethods': size=5696Kb used=1210Kb max_used=1221Kb free=4485Kb
 bounds [0x0000000113247000, 0x00000001134b7000, 0x00000001137d7000]
 total_blobs=1095 nmethods=571 adapters=304
 compilation: enabled
              stopped_count=0, restarted_count=0
 full_count=0

Compilation events (20 events):
Event: 509.678 Thread 0x00007fdd12012800  563       3       sun.net.util.IPAddressUtil::scan (92 bytes)
Event: 509.679 Thread 0x00007fdd12012800 nmethod 563 0x00000001138afb10 code [0x00000001138afd80, 0x00000001138b0938]
Event: 509.679 Thread 0x00007fdd12012800  562       3       java.net.URLStreamHandler::parseURL (1201 bytes)
Event: 509.695 Thread 0x00007fdd12012800 nmethod 562 0x00000001138b0f10 code [0x00000001138b2220, 0x00000001138bdc28]
Event: 509.695 Thread 0x00007fdd12012800  564       3       java.util.Collections$UnmodifiableCollection$1::next (10 bytes)
Event: 509.695 Thread 0x00007fdd12012800 nmethod 564 0x00000001138c2610 code [0x00000001138c27c0, 0x00000001138c2a28]
Event: 509.695 Thread 0x00007fdd12012800  565       3       java.lang.String::valueOf (15 bytes)
Event: 509.695 Thread 0x00007fdd12012800 nmethod 565 0x00000001138c2b10 code [0x00000001138c2cc0, 0x00000001138c2f28]
Event: 509.695 Thread 0x00007fdd12012800  567       3       java.lang.reflect.Executable::<init> (5 bytes)
Event: 509.695 Thread 0x00007fdd12012800 nmethod 567 0x00000001138c3010 code [0x00000001138c31c0, 0x00000001138c33f0]
Event: 509.695 Thread 0x00007fdd12012800  568       3       java.util.LinkedHashMap::get (33 bytes)
Event: 509.696 Thread 0x00007fdd12012800 nmethod 568 0x00000001138c3510 code [0x00000001138c36e0, 0x00000001138c3b48]
Event: 509.696 Thread 0x00007fdd12012800  566       1       java.nio.HeapByteBuffer::isDirect (2 bytes)
Event: 509.696 Thread 0x00007fdd12012800 nmethod 566 0x000000011ad40e10 code [0x000000011ad40fa0, 0x000000011ad410d0]
Event: 518.556 Thread 0x00007fdd12012800  569       3       java.lang.Integer::stringSize (47 bytes)
Event: 518.556 Thread 0x00007fdd12012800 nmethod 569 0x00000001138c3d10 code [0x00000001138c3ec0, 0x00000001138c4150]
Event: 518.556 Thread 0x00007fdd12012800  570       3       java.lang.Integer::getChars (131 bytes)
Event: 518.556 Thread 0x00007fdd12012800 nmethod 570 0x00000001138c4210 code [0x00000001138c43e0, 0x00000001138c4870]
Event: 518.556 Thread 0x00007fdd12012800  571       1       java.util.Collections$EmptyIterator::hasNext (2 bytes)
Event: 518.556 Thread 0x00007fdd12012800 nmethod 571 0x000000011ad41190 code [0x000000011ad41320, 0x000000011ad41450]

GC Heap History (0 events):
No events

Deoptimization events (8 events):
Event: 0.136 Thread 0x00007fdd12800000 Uncommon trap: trap_request=0xffffff45 fr.pc=0x000000011ad1c1c0 relative=0x0000000000000ac0
Event: 0.136 Thread 0x00007fdd12800000 Uncommon trap: reason=unstable_if action=reinterpret pc=0x000000011ad1c1c0 method=java.util.HashMap.putVal(ILjava/lang/Object;Ljava/lang/Object;ZZ)Ljava/lang/Object; @ 181 c2
Event: 0.136 Thread 0x00007fdd12800000 DEOPT PACKING pc=0x000000011ad1c1c0 sp=0x000000010acdf900
Event: 0.136 Thread 0x00007fdd12800000 DEOPT UNPACKING pc=0x000000011328fe25 sp=0x000000010acdf8c0 mode 2
Event: 0.256 Thread 0x00007fdd12800000 DEOPT PACKING pc=0x00000001138492f2 sp=0x000000010acdf110
Event: 0.256 Thread 0x00007fdd12800000 DEOPT UNPACKING pc=0x000000011329033a sp=0x000000010acde590 mode 0
Event: 0.269 Thread 0x00007fdd12800000 DEOPT PACKING pc=0x00000001138492f2 sp=0x000000010acdf340
Event: 0.269 Thread 0x00007fdd12800000 DEOPT UNPACKING pc=0x000000011329033a sp=0x000000010acde7c0 mode 0

Classes unloaded (0 events):
No events

Classes redefined (7 events):
Event: 272.779 Thread 0x00007fdd12004000 redefined class name=forneymonagerie.LinkedForneymonegerie$ForneymonType, count=1
Event: 272.779 Thread 0x00007fdd12004000 redefined class name=forneymonagerie.LinkedForneymonegerie, count=1
Event: 666.660 Thread 0x00007fdd12004000 redefined class name=forneymonagerie.LinkedForneymonegerie$ForneymonType, count=2
Event: 666.660 Thread 0x00007fdd12004000 redefined class name=forneymonagerie.LinkedForneymonegerie, count=2
Event: 753.833 Thread 0x00007fdd12004000 redefined class name=forneymonagerie.LinkedForneymonegerieTests, count=1
Event: 904.559 Thread 0x00007fdd12004000 redefined class name=forneymonagerie.LinkedForneymonegerie$ForneymonType, count=3
Event: 904.559 Thread 0x00007fdd12004000 redefined class name=forneymonagerie.LinkedForneymonegerie, count=3

Internal exceptions (4 events):
Event: 0.283 Thread 0x00007fdd12800000 Exception <a 'java/lang/IncompatibleClassChangeError'{0x0000000787a57110}: Found class java.lang.Object, but interface was expected> (0x0000000787a57110) 
thrown [/scratch/mesos/slaves/fcf4c0c4-d73e-4321-860c-6613427db92b-S2452/frameworks/1735e8a2-a1db-478c-8104-60c8b0af87dd-0196/executors/ab12d1f8-defd-4a26-b83a-82b67c14bc8d/runs/ad8904cf-d9a8-428f-8f86-4d88be7b86bd/workspace/open/src/hotspot/share/interpreter/linkResolver.cpp, line 833]
Event: 0.305 Thread 0x00007fdd12800000 Exception <a 'java/lang/NoSuchMethodError'{0x0000000787aeea98}: 'int java.lang.invoke.DirectMethodHandle$Holder.invokeSpecialIFC(java.lang.Object, java.lang.Object, int)'> (0x0000000787aeea98) 
thrown [/scratch/mesos/slaves/fcf4c0c4-d73e-4321-860c-6613427db92b-S2452/frameworks/1735e8a2-a1db-478c-8104-60c8b0af87dd-0196/executors/ab12d1f8-defd-4a26-b83a-82b67c14bc8d/runs/ad8904cf-d9a8-428f-8f86-4d88be7b86bd/workspace/open/src/hotspot/share/interpreter/linkResolver.cpp, line 767]
Event: 509.675 Thread 0x00007fdd12800000 Exception <a 'java/lang/reflect/InvocationTargetException'{0x0000000787959860}> (0x0000000787959860) 
thrown [/scratch/mesos/slaves/fcf4c0c4-d73e-4321-860c-6613427db92b-S2452/frameworks/1735e8a2-a1db-478c-8104-60c8b0af87dd-0196/executors/ab12d1f8-defd-4a26-b83a-82b67c14bc8d/runs/ad8904cf-d9a8-428f-8f86-4d88be7b86bd/workspace/open/src/hotspot/share/runtime/reflection.cpp, line 1188]
Event: 518.555 Thread 0x00007fdd12800000 Exception <a 'java/lang/reflect/InvocationTargetException'{0x00000007879757b0}> (0x00000007879757b0) 
thrown [/scratch/mesos/slaves/fcf4c0c4-d73e-4321-860c-6613427db92b-S2452/frameworks/1735e8a2-a1db-478c-8104-60c8b0af87dd-0196/executors/ab12d1f8-defd-4a26-b83a-82b67c14bc8d/runs/ad8904cf-d9a8-428f-8f86-4d88be7b86bd/workspace/open/src/hotspot/share/runtime/reflection.cpp, line 1188]

Events (20 events):
Event: 1051.712 Executing VM operation: get/set locals
Event: 1051.712 Executing VM operation: get/set locals done
Event: 1051.713 Executing VM operation: GetFrameLocation
Event: 1051.713 Executing VM operation: GetFrameLocation done
Event: 1051.713 Executing VM operation: get/set locals
Event: 1051.713 Executing VM operation: get/set locals done
Event: 1051.713 Executing VM operation: GetFrameLocation
Event: 1051.713 Executing VM operation: GetFrameLocation done
Event: 1051.713 Executing VM operation: get/set locals
Event: 1051.713 Executing VM operation: get/set locals done
Event: 1051.713 Executing VM operation: GetFrameLocation
Event: 1051.713 Executing VM operation: GetFrameLocation done
Event: 1051.713 Executing VM operation: get/set locals
Event: 1051.713 Executing VM operation: get/set locals done
Event: 1240.203 Executing VM operation: GetCurrentLocation
Event: 1240.203 Executing VM operation: GetCurrentLocation done
Event: 1240.203 Executing VM operation: ChangeSingleStep
Event: 1240.203 Executing VM operation: ChangeSingleStep done
Event: 1240.203 Executing VM operation: UpdateForPopTopFrame
Event: 1240.203 Executing VM operation: UpdateForPopTopFrame done


Dynamic libraries:
0x00007fff954fe000 	/usr/lib/libz.1.dylib
0x000000010934d000 	/Library/Java/JavaVirtualMachines/jdk-13.0.1.jdk/Contents/Home/lib/libjli.dylib
0x00007fff982da000 	/System/Library/Frameworks/Cocoa.framework/Versions/A/Cocoa
0x00007fff9000f000 	/System/Library/Frameworks/Security.framework/Versions/A/Security
0x00007fff8c070000 	/System/Library/Frameworks/ApplicationServices.framework/Versions/A/ApplicationServices
0x00007fff9d86a000 	/usr/lib/libSystem.B.dylib
0x00007fff954f9000 	/usr/lib/system/libcache.dylib
0x00007fff94f35000 	/usr/lib/system/libcommonCrypto.dylib
0x00007fff9d947000 	/usr/lib/system/libcompiler_rt.dylib
0x00007fff9d218000 	/usr/lib/system/libcopyfile.dylib
0x00007fff9f0cd000 	/usr/lib/system/libcorecrypto.dylib
0x00007fff9ce2e000 	/usr/lib/system/libdispatch.dylib
0x00007fff95946000 	/usr/lib/system/libdyld.dylib
0x00007fff9599e000 	/usr/lib/system/libkeymgr.dylib
0x00007fff8bc09000 	/usr/lib/system/liblaunch.dylib
0x00007fffa028f000 	/usr/lib/system/libmacho.dylib
0x00007fff8bc0a000 	/usr/lib/system/libquarantine.dylib
0x00007fff9e7b7000 	/usr/lib/system/libremovefile.dylib
0x00007fff94ee9000 	/usr/lib/system/libsystem_asl.dylib
0x00007fff959a6000 	/usr/lib/system/libsystem_blocks.dylib
0x00007fff9d227000 	/usr/lib/system/libsystem_c.dylib
0x00007fff90a77000 	/usr/lib/system/libsystem_configuration.dylib
0x00007fff9c9de000 	/usr/lib/system/libsystem_coreservices.dylib
0x00007fff90a5f000 	/usr/lib/system/libsystem_coretls.dylib
0x00007fff92071000 	/usr/lib/system/libsystem_dnssd.dylib
0x00007fff95535000 	/usr/lib/system/libsystem_info.dylib
0x00007fff9f230000 	/usr/lib/system/libsystem_kernel.dylib
0x00007fff92557000 	/usr/lib/system/libsystem_m.dylib
0x00007fff8ffe1000 	/usr/lib/system/libsystem_malloc.dylib
0x00007fff8bc23000 	/usr/lib/system/libsystem_network.dylib
0x00007fff95625000 	/usr/lib/system/libsystem_networkextension.dylib
0x00007fff8a7cb000 	/usr/lib/system/libsystem_notify.dylib
0x00007fff9ccca000 	/usr/lib/system/libsystem_platform.dylib
0x00007fff93484000 	/usr/lib/system/libsystem_pthread.dylib
0x00007fff8ba9a000 	/usr/lib/system/libsystem_sandbox.dylib
0x00007fff9ab8f000 	/usr/lib/system/libsystem_secinit.dylib
0x00007fff8ed5b000 	/usr/lib/system/libsystem_trace.dylib
0x00007fff94ed0000 	/usr/lib/system/libunc.dylib
0x00007fff9326b000 	/usr/lib/system/libunwind.dylib
0x00007fff8ee6a000 	/usr/lib/system/libxpc.dylib
0x00007fff8bd02000 	/usr/lib/libobjc.A.dylib
0x00007fff9dee6000 	/usr/lib/libauto.dylib
0x00007fff9cac7000 	/usr/lib/libc++abi.dylib
0x00007fff9594a000 	/usr/lib/libc++.1.dylib
0x00007fff8ee94000 	/usr/lib/libDiagnosticMessagesClient.dylib
0x00007fff91643000 	/System/Library/Frameworks/CoreFoundation.framework/Versions/A/CoreFoundation
0x00007fff8f075000 	/System/Library/Frameworks/Foundation.framework/Versions/C/Foundation
0x00007fff9865a000 	/System/Library/Frameworks/AppKit.framework/Versions/C/AppKit
0x00007fff9f701000 	/System/Library/Frameworks/CoreData.framework/Versions/A/CoreData
0x00007fff8a162000 	/System/Library/PrivateFrameworks/RemoteViewServices.framework/Versions/A/RemoteViewServices
0x00007fff9e7d5000 	/System/Library/PrivateFrameworks/UIFoundation.framework/Versions/A/UIFoundation
0x00007fff9cab6000 	/usr/lib/libScreenReader.dylib
0x00007fff9f0cc000 	/System/Library/Frameworks/Accelerate.framework/Versions/A/Accelerate
0x00007fff8a804000 	/System/Library/Frameworks/IOSurface.framework/Versions/A/IOSurface
0x00007fff9e9b5000 	/System/Library/Frameworks/AudioToolbox.framework/Versions/A/AudioToolbox
0x00007fff9a131000 	/System/Library/Frameworks/AudioUnit.framework/Versions/A/AudioUnit
0x00007fff955b5000 	/System/Library/PrivateFrameworks/DataDetectorsCore.framework/Versions/A/DataDetectorsCore
0x00007fff9af90000 	/System/Library/PrivateFrameworks/DesktopServicesPriv.framework/Versions/A/DesktopServicesPriv
0x00007fff90c8b000 	/System/Library/Frameworks/Carbon.framework/Versions/A/Frameworks/HIToolbox.framework/Versions/A/HIToolbox
0x00007fff960b9000 	/System/Library/Frameworks/QuartzCore.framework/Versions/A/QuartzCore
0x00007fff9112d000 	/System/Library/Frameworks/Carbon.framework/Versions/A/Frameworks/SpeechRecognition.framework/Versions/A/SpeechRecognition
0x00007fff8cc4d000 	/usr/lib/libicucore.A.dylib
0x00007fff9eb5c000 	/usr/lib/libxml2.2.dylib
0x00007fff8a602000 	/System/Library/PrivateFrameworks/CoreUI.framework/Versions/A/CoreUI
0x00007fff9edf3000 	/System/Library/Frameworks/CoreAudio.framework/Versions/A/CoreAudio
0x00007fff9f6fb000 	/System/Library/Frameworks/DiskArbitration.framework/Versions/A/DiskArbitration
0x00007fff8fc9f000 	/usr/lib/liblangid.dylib
0x00007fff9ca65000 	/System/Library/PrivateFrameworks/MultitouchSupport.framework/Versions/A/MultitouchSupport
0x00007fff9223b000 	/System/Library/Frameworks/IOKit.framework/Versions/A/IOKit
0x00007fff9ccd3000 	/System/Library/Frameworks/CoreServices.framework/Versions/A/CoreServices
0x00007fff8efa9000 	/System/Library/PrivateFrameworks/PerformanceAnalysis.framework/Versions/A/PerformanceAnalysis
0x00007fff95888000 	/System/Library/PrivateFrameworks/GenerationalStorage.framework/Versions/A/GenerationalStorage
0x00007fff97b08000 	/System/Library/Frameworks/OpenGL.framework/Versions/A/OpenGL
0x00007fff9335d000 	/System/Library/PrivateFrameworks/Sharing.framework/Versions/A/Sharing
0x00007fff8d8a5000 	/System/Library/Frameworks/CoreGraphics.framework/Versions/A/CoreGraphics
0x00007fff89f3d000 	/System/Library/Frameworks/CoreImage.framework/Versions/A/CoreImage
0x00007fffa02c8000 	/System/Library/Frameworks/CoreText.framework/Versions/A/CoreText
0x00007fff976f3000 	/System/Library/Frameworks/ImageIO.framework/Versions/A/ImageIO
0x00007fff9213c000 	/System/Library/PrivateFrameworks/Backup.framework/Versions/A/Backup
0x00007fff9a7d2000 	/usr/lib/libextension.dylib
0x00007fff91c3f000 	/usr/lib/libarchive.2.dylib
0x00007fff942aa000 	/System/Library/Frameworks/CFNetwork.framework/Versions/A/CFNetwork
0x00007fff9de70000 	/System/Library/Frameworks/SystemConfiguration.framework/Versions/A/SystemConfiguration
0x00007fff8a19b000 	/usr/lib/libCRFSuite.dylib
0x00007fff9d534000 	/usr/lib/libenergytrace.dylib
0x00007fff976e2000 	/usr/lib/libbsm.0.dylib
0x00007fff90a82000 	/usr/lib/system/libkxld.dylib
0x00007fff8ab24000 	/usr/lib/libxar.1.dylib
0x00007fff956d0000 	/usr/lib/libsqlite3.dylib
0x00007fff8a3dd000 	/usr/lib/libpam.2.dylib
0x00007fff8fa92000 	/usr/lib/libOpenScriptingUtil.dylib
0x00007fff9dcfa000 	/usr/lib/libbz2.1.0.dylib
0x00007fff999b5000 	/usr/lib/liblzma.5.dylib
0x00007fff97acf000 	/System/Library/Frameworks/CoreServices.framework/Versions/A/Frameworks/FSEvents.framework/Versions/A/FSEvents
0x00007fff9b203000 	/System/Library/Frameworks/CoreServices.framework/Versions/A/Frameworks/CarbonCore.framework/Versions/A/CarbonCore
0x00007fff9d130000 	/System/Library/Frameworks/CoreServices.framework/Versions/A/Frameworks/Metadata.framework/Versions/A/Metadata
0x00007fff9f9ba000 	/System/Library/Frameworks/CoreServices.framework/Versions/A/Frameworks/OSServices.framework/Versions/A/OSServices
0x00007fff8d5b8000 	/System/Library/Frameworks/CoreServices.framework/Versions/A/Frameworks/SearchKit.framework/Versions/A/SearchKit
0x00007fff8ff8b000 	/System/Library/Frameworks/CoreServices.framework/Versions/A/Frameworks/AE.framework/Versions/A/AE
0x00007fff97b17000 	/System/Library/Frameworks/CoreServices.framework/Versions/A/Frameworks/LaunchServices.framework/Versions/A/LaunchServices
0x00007fff9d811000 	/System/Library/Frameworks/CoreServices.framework/Versions/A/Frameworks/DictionaryServices.framework/Versions/A/DictionaryServices
0x00007fff9d449000 	/System/Library/Frameworks/CoreServices.framework/Versions/A/Frameworks/SharedFileList.framework/Versions/A/SharedFileList
0x00007fff91635000 	/System/Library/Frameworks/NetFS.framework/Versions/A/NetFS
0x00007fff930de000 	/System/Library/PrivateFrameworks/NetAuth.framework/Versions/A/NetAuth
0x00007fff9f5b3000 	/System/Library/PrivateFrameworks/login.framework/Versions/A/Frameworks/loginsupport.framework/Versions/A/loginsupport
0x00007fff930e9000 	/System/Library/PrivateFrameworks/TCC.framework/Versions/A/TCC
0x00007fff9a805000 	/usr/lib/libmecabra.dylib
0x00007fff93164000 	/System/Library/Frameworks/ApplicationServices.framework/Versions/A/Frameworks/ATS.framework/Versions/A/ATS
0x00007fff8a2bc000 	/System/Library/Frameworks/ApplicationServices.framework/Versions/A/Frameworks/ColorSync.framework/Versions/A/ColorSync
0x00007fff9ec91000 	/System/Library/Frameworks/ApplicationServices.framework/Versions/A/Frameworks/HIServices.framework/Versions/A/HIServices
0x00007fff8d65c000 	/System/Library/Frameworks/ApplicationServices.framework/Versions/A/Frameworks/LangAnalysis.framework/Versions/A/LangAnalysis
0x00007fffa0211000 	/System/Library/Frameworks/ApplicationServices.framework/Versions/A/Frameworks/PrintCore.framework/Versions/A/PrintCore
0x00007fff9eda3000 	/System/Library/Frameworks/ApplicationServices.framework/Versions/A/Frameworks/QD.framework/Versions/A/QD
0x00007fff9b0b8000 	/System/Library/Frameworks/ApplicationServices.framework/Versions/A/Frameworks/SpeechSynthesis.framework/Versions/A/SpeechSynthesis
0x00007fff9dcb7000 	/System/Library/Frameworks/Metal.framework/Versions/A/Metal
0x00007fff8f6f3000 	/System/Library/Frameworks/Accelerate.framework/Versions/A/Frameworks/vImage.framework/Versions/A/vImage
0x00007fff9ecde000 	/System/Library/Frameworks/Accelerate.framework/Versions/A/Frameworks/vecLib.framework/Versions/A/vecLib
0x00007fff8a9d2000 	/System/Library/Frameworks/Accelerate.framework/Versions/A/Frameworks/vecLib.framework/Versions/A/libvDSP.dylib
0x00007fff8d2d5000 	/System/Library/Frameworks/Accelerate.framework/Versions/A/Frameworks/vecLib.framework/Versions/A/libvMisc.dylib
0x00007fff9e107000 	/System/Library/Frameworks/Accelerate.framework/Versions/A/Frameworks/vecLib.framework/Versions/A/libLAPACK.dylib
0x00007fff9cfc8000 	/System/Library/Frameworks/Accelerate.framework/Versions/A/Frameworks/vecLib.framework/Versions/A/libBLAS.dylib
0x00007fff9decf000 	/System/Library/Frameworks/Accelerate.framework/Versions/A/Frameworks/vecLib.framework/Versions/A/libLinearAlgebra.dylib
0x00007fff99a45000 	/System/Library/Frameworks/Accelerate.framework/Versions/A/Frameworks/vecLib.framework/Versions/A/libSparseBLAS.dylib
0x00007fff921ed000 	/System/Library/PrivateFrameworks/GPUCompiler.framework/libmetal_timestamp.dylib
0x00007fff9cfc4000 	/System/Library/Frameworks/OpenGL.framework/Versions/A/Libraries/libCoreFSCache.dylib
0x00007fff89f16000 	/System/Library/PrivateFrameworks/IOAccelerator.framework/Versions/A/IOAccelerator
0x00007fff95f5d000 	/System/Library/Frameworks/ApplicationServices.framework/Versions/A/Frameworks/ATS.framework/Versions/A/Resources/libFontParser.dylib
0x00007fff8a397000 	/System/Library/Frameworks/ApplicationServices.framework/Versions/A/Frameworks/ATS.framework/Versions/A/Resources/libFontRegistry.dylib
0x00007fff9d997000 	/System/Library/PrivateFrameworks/AppleVPA.framework/Versions/A/AppleVPA
0x00007fff9d49e000 	/System/Library/PrivateFrameworks/AppleJPEG.framework/Versions/A/AppleJPEG
0x00007fff95510000 	/System/Library/Frameworks/ImageIO.framework/Versions/A/Resources/libJPEG.dylib
0x00007fff9605c000 	/System/Library/Frameworks/ImageIO.framework/Versions/A/Resources/libTIFF.dylib
0x00007fff8bcdc000 	/System/Library/Frameworks/ImageIO.framework/Versions/A/Resources/libPng.dylib
0x00007fff958a5000 	/System/Library/Frameworks/ImageIO.framework/Versions/A/Resources/libGIF.dylib
0x00007fff91f80000 	/System/Library/Frameworks/ImageIO.framework/Versions/A/Resources/libJP2.dylib
0x00007fff9e05e000 	/System/Library/Frameworks/ImageIO.framework/Versions/A/Resources/libRadiance.dylib
0x00007fff97f21000 	/System/Library/Frameworks/CoreVideo.framework/Versions/A/CoreVideo
0x00007fff959f3000 	/System/Library/Frameworks/OpenGL.framework/Versions/A/Libraries/libGLU.dylib
0x00007fff9ccd4000 	/System/Library/Frameworks/OpenGL.framework/Versions/A/Libraries/libGFXShared.dylib
0x00007fff8bcd0000 	/System/Library/Frameworks/OpenGL.framework/Versions/A/Libraries/libGL.dylib
0x00007fff9829b000 	/System/Library/Frameworks/OpenGL.framework/Versions/A/Libraries/libGLImage.dylib
0x00007fff9764c000 	/System/Library/Frameworks/OpenGL.framework/Versions/A/Libraries/libCVMSPluginSupport.dylib
0x00007fff8fffe000 	/System/Library/Frameworks/OpenGL.framework/Versions/A/Libraries/libCoreVMClient.dylib
0x00007fff9dc65000 	/usr/lib/libcups.2.dylib
0x00007fff9df97000 	/System/Library/Frameworks/Kerberos.framework/Versions/A/Kerberos
0x00007fff91c08000 	/System/Library/Frameworks/GSS.framework/Versions/A/GSS
0x00007fff8a374000 	/usr/lib/libresolv.9.dylib
0x00007fff9f24f000 	/usr/lib/libiconv.2.dylib
0x00007fff9766d000 	/System/Library/PrivateFrameworks/Heimdal.framework/Versions/A/Heimdal
0x00007fff8a5ec000 	/usr/lib/libheimdal-asn1.dylib
0x00007fffa025e000 	/System/Library/Frameworks/OpenDirectory.framework/Versions/A/OpenDirectory
0x00007fff8bcc6000 	/System/Library/PrivateFrameworks/CommonAuth.framework/Versions/A/CommonAuth
0x00007fff94532000 	/System/Library/Frameworks/OpenDirectory.framework/Versions/A/Frameworks/CFOpenDirectory.framework/Versions/A/CFOpenDirectory
0x00007fff8ef34000 	/System/Library/Frameworks/SecurityFoundation.framework/Versions/A/SecurityFoundation
0x00007fff9f145000 	/System/Library/PrivateFrameworks/LanguageModeling.framework/Versions/A/LanguageModeling
0x00007fff8d3ee000 	/usr/lib/libmarisa.dylib
0x00007fff9e977000 	/usr/lib/libChineseTokenizer.dylib
0x00007fff9e710000 	/usr/lib/libcmph.dylib
0x00007fff9253e000 	/usr/lib/libcompression.dylib
0x00007fff92fc9000 	/System/Library/Frameworks/ServiceManagement.framework/Versions/A/ServiceManagement
0x00007fff922b2000 	/usr/lib/libxslt.1.dylib
0x00007fff9d55f000 	/System/Library/Frameworks/Carbon.framework/Versions/A/Frameworks/Ink.framework/Versions/A/Ink
0x00007fff9e504000 	/usr/lib/libFosl_dynamic.dylib
0x00007fff971d8000 	/System/Library/PrivateFrameworks/FaceCore.framework/Versions/A/FaceCore
0x00007fff8a808000 	/System/Library/Frameworks/OpenCL.framework/Versions/A/OpenCL
0x00007fff9fbba000 	/System/Library/PrivateFrameworks/CrashReporterSupport.framework/Versions/A/CrashReporterSupport
0x00007fff8cbd9000 	/System/Library/PrivateFrameworks/IconServices.framework/Versions/A/IconServices
0x00007fff9e0e7000 	/System/Library/PrivateFrameworks/Apple80211.framework/Versions/A/Apple80211
0x00007fff8ed6e000 	/System/Library/Frameworks/CoreWLAN.framework/Versions/A/CoreWLAN
0x00007fff9081b000 	/System/Library/Frameworks/IOBluetooth.framework/Versions/A/IOBluetooth
0x00007fff9d33d000 	/System/Library/PrivateFrameworks/CoreWiFi.framework/Versions/A/CoreWiFi
0x00007fff94f41000 	/System/Library/Frameworks/CoreBluetooth.framework/Versions/A/CoreBluetooth
0x00007fff9d7b9000 	/System/Library/PrivateFrameworks/ChunkingLibrary.framework/Versions/A/ChunkingLibrary
0x00007fff8ee2f000 	/System/Library/PrivateFrameworks/DebugSymbols.framework/Versions/A/DebugSymbols
0x00007fff9260b000 	/System/Library/PrivateFrameworks/CoreSymbolication.framework/Versions/A/CoreSymbolication
0x00007fff8cbfc000 	/System/Library/PrivateFrameworks/Symbolication.framework/Versions/A/Symbolication
0x00007fff95cf3000 	/System/Library/PrivateFrameworks/SpeechRecognitionCore.framework/Versions/A/SpeechRecognitionCore
0x0000000109e00000 	/Library/Java/JavaVirtualMachines/jdk-13.0.1.jdk/Contents/Home/lib/server/libjvm.dylib
0x00000001095bd000 	/Library/Java/JavaVirtualMachines/jdk-13.0.1.jdk/Contents/Home/lib/libverify.dylib
0x00000001095c9000 	/Library/Java/JavaVirtualMachines/jdk-13.0.1.jdk/Contents/Home/lib/libjava.dylib
0x000000010ace3000 	/Library/Java/JavaVirtualMachines/jdk-13.0.1.jdk/Contents/Home/lib/libjdwp.dylib
0x00000001095f0000 	/Library/Java/JavaVirtualMachines/jdk-13.0.1.jdk/Contents/Home/lib/libinstrument.dylib
0x000000010ad52000 	/Library/Java/JavaVirtualMachines/jdk-13.0.1.jdk/Contents/Home/lib/libzip.dylib
0x000000010ad59000 	/Library/Java/JavaVirtualMachines/jdk-13.0.1.jdk/Contents/Home/lib/libjimage.dylib
0x000000012a1a9000 	/Library/Java/JavaVirtualMachines/jdk-13.0.1.jdk/Contents/Home/lib/libdt_socket.dylib
0x000000012a223000 	/Library/Java/JavaVirtualMachines/jdk-13.0.1.jdk/Contents/Home/lib/libnio.dylib
0x000000012a231000 	/Library/Java/JavaVirtualMachines/jdk-13.0.1.jdk/Contents/Home/lib/./libnet.dylib
0x000000012a4e8000 	/Library/Java/JavaVirtualMachines/jdk-13.0.1.jdk/Contents/Home/lib/libextnet.dylib


VM Arguments:
jvm_args: -agentlib:jdwp=transport=dt_socket,suspend=y,address=localhost:56015 -ea -javaagent:/Users/itsstudent/eclipse/java-2019-09/Eclipse.app/Contents/Eclipse/configuration/org.eclipse.osgi/222/0/.cp/lib/javaagent-shaded.jar -Dfile.encoding=UTF-8 
java_command: org.eclipse.jdt.internal.junit.runner.RemoteTestRunner -version 3 -port 56014 -testLoaderClass org.eclipse.jdt.internal.junit4.runner.JUnit4TestLoader -loaderpluginname org.eclipse.jdt.junit4.runtime -classNames forneymonagerie.LinkedForneymonegerieTests
java_class_path (initial): /Users/itsstudent/eclipse-workspace/cmsi281-fall2019-homework2-Onariaginosa/bin:/Users/itsstudent/.p2/pool/plugins/org.junit_4.12.0.v201504281640/junit.jar:/Users/itsstudent/.p2/pool/plugins/org.hamcrest.core_1.3.0.v20180420-1519.jar:/Users/itsstudent/eclipse/java-2019-09/Eclipse.app/Contents/Eclipse/configuration/org.eclipse.osgi/220/0/.cp:/Users/itsstudent/eclipse/java-2019-09/Eclipse.app/Contents/Eclipse/configuration/org.eclipse.osgi/219/0/.cp
Launcher Type: SUN_STANDARD

[Global flags]
     intx CICompilerCount                          = 3                                         {product} {ergonomic}
     uint ConcGCThreads                            = 1                                         {product} {ergonomic}
     uint G1ConcRefinementThreads                  = 4                                         {product} {ergonomic}
   size_t G1HeapRegionSize                         = 1048576                                   {product} {ergonomic}
    uintx GCDrainStackTargetSize                   = 64                                        {product} {ergonomic}
   size_t InitialHeapSize                          = 134217728                                 {product} {ergonomic}
   size_t MarkStackSize                            = 4194304                                   {product} {ergonomic}
   size_t MaxHeapSize                              = 2147483648                                {product} {ergonomic}
   size_t MaxNewSize                               = 1287651328                                {product} {ergonomic}
   size_t MinHeapDeltaBytes                        = 1048576                                   {product} {ergonomic}
   size_t MinHeapSize                              = 8388608                                   {product} {ergonomic}
    uintx NonNMethodCodeHeapSize                   = 5830732                                {pd product} {ergonomic}
    uintx NonProfiledCodeHeapSize                  = 122913754                              {pd product} {ergonomic}
    uintx ProfiledCodeHeapSize                     = 122913754                              {pd product} {ergonomic}
    uintx ReservedCodeCacheSize                    = 251658240                              {pd product} {ergonomic}
     bool SegmentedCodeCache                       = true                                      {product} {ergonomic}
   size_t SoftMaxHeapSize                          = 2147483648                             {manageable} {ergonomic}
     bool UseCompressedClassPointers               = true                                 {lp64_product} {ergonomic}
     bool UseCompressedOops                        = true                                 {lp64_product} {ergonomic}
     bool UseG1GC                                  = true                                      {product} {ergonomic}

Logging:
Log output configuration:
 #0: stdout all=warning uptime,level,tags
 #1: stderr all=off uptime,level,tags

Environment Variables:
PATH=/usr/bin:/bin:/usr/sbin:/sbin
SHELL=/bin/bash

Signal Handlers:
SIGSEGV: [libjvm.dylib+0x781570], sa_mask[0]=11111111011111110111111111111111, sa_flags=SA_ONSTACK|SA_RESTART|SA_SIGINFO
SIGBUS: [libjvm.dylib+0x781570], sa_mask[0]=11111111011111110111111111111111, sa_flags=SA_RESTART|SA_SIGINFO
SIGFPE: [libjvm.dylib+0x781570], sa_mask[0]=11111111011111110111111111111111, sa_flags=SA_RESTART|SA_SIGINFO
SIGPIPE: [libjvm.dylib+0x627f75], sa_mask[0]=11111111011111110111111111111111, sa_flags=SA_RESTART|SA_SIGINFO
SIGXFSZ: [libjvm.dylib+0x627f75], sa_mask[0]=11111111011111110111111111111111, sa_flags=SA_RESTART|SA_SIGINFO
SIGILL: [libjvm.dylib+0x781570], sa_mask[0]=11111111011111110111111111111111, sa_flags=SA_RESTART|SA_SIGINFO
SIGUSR2: [libjvm.dylib+0x62855f], sa_mask[0]=00100000000000000000000000000000, sa_flags=SA_RESTART|SA_SIGINFO
SIGHUP: [libjvm.dylib+0x62754d], sa_mask[0]=11111111011111110111111111111111, sa_flags=SA_RESTART|SA_SIGINFO
SIGINT: [libjvm.dylib+0x62754d], sa_mask[0]=11111111011111110111111111111111, sa_flags=SA_RESTART|SA_SIGINFO
SIGTERM: [libjvm.dylib+0x62754d], sa_mask[0]=11111111011111110111111111111111, sa_flags=SA_RESTART|SA_SIGINFO
SIGQUIT: [libjvm.dylib+0x62754d], sa_mask[0]=11111111011111110111111111111111, sa_flags=SA_RESTART|SA_SIGINFO


---------------  S Y S T E M  ---------------

OS:uname:Darwin 15.4.0 Darwin Kernel Version 15.4.0: Fri Feb 26 22:08:05 PST 2016; root:xnu-3248.40.184~3/RELEASE_X86_64 x86_64
rlimit: STACK 8192k, CORE 0k, NPROC 709, NOFILE 10240, AS infinity, DATA infinity, FSIZE infinity
load average:2.05 1.92 1.83

CPU:total 4 (initial active 4) (4 cores per cpu, 1 threads per core) family 6 model 71 stepping 1, cmov, cx8, fxsr, mmx, sse, sse2, sse3, ssse3, sse4.1, sse4.2, popcnt, avx, avx2, aes, clmul, erms, rtm, 3dnowpref, lzcnt, tsc, tscinvbit, bmi1, bmi2, adx, fma

Memory: 4k page, physical 8388608k(409884k free), swap 1048576k(972288k free)

vm_info: Java HotSpot(TM) 64-Bit Server VM (13.0.1+9) for bsd-amd64 JRE (13.0.1+9), built on Oct  6 2019 11:43:59 by "mach5one" with clang 4.2.1 Compatible Apple LLVM 10.0.0 (clang-1000.11.45.5)

END.
